<?xml version="1.0" encoding="UTF-8"?>
<coverage generated="1778103155357" clover="3.2.0">
  <project timestamp="1778103155357" name="All files">
    <metrics statements="39" coveredstatements="39" conditionals="59" coveredconditionals="59" methods="12" coveredmethods="12" elements="110" coveredelements="110" complexity="0" loc="39" ncloc="39" packages="1" files="1" classes="1"/>
    <file name="app.module.js" path="/Users/danielcampos/Documents/CS3250-digital-signage/app.module.js">
      <metrics statements="39" coveredstatements="39" conditionals="59" coveredconditionals="59" methods="12" coveredmethods="12"/>
      <line num="25" count="20" type="stmt"/>
      <line num="41" count="12" type="cond" truecount="2" falsecount="0"/>
      <line num="42" count="11" type="cond" truecount="2" falsecount="0"/>
      <line num="43" count="10" type="cond" truecount="2" falsecount="0"/>
      <line num="44" count="9" type="cond" truecount="2" falsecount="0"/>
      <line num="45" count="8" type="cond" truecount="4" falsecount="0"/>
      <line num="46" count="7" type="cond" truecount="4" falsecount="0"/>
      <line num="47" count="6" type="cond" truecount="4" falsecount="0"/>
      <line num="48" count="5" type="cond" truecount="4" falsecount="0"/>
      <line num="49" count="4" type="cond" truecount="4" falsecount="0"/>
      <line num="50" count="3" type="cond" truecount="4" falsecount="0"/>
      <line num="51" count="2" type="cond" truecount="4" falsecount="0"/>
      <line num="52" count="1" type="stmt"/>
      <line num="67" count="5" type="stmt"/>
      <line num="68" count="8" type="cond" truecount="4" falsecount="0"/>
      <line num="81" count="9" type="stmt"/>
      <line num="82" count="9" type="stmt"/>
      <line num="83" count="9" type="cond" truecount="3" falsecount="0"/>
      <line num="101" count="5" type="stmt"/>
      <line num="102" count="5" type="stmt"/>
      <line num="103" count="8" type="stmt"/>
      <line num="104" count="8" type="stmt"/>
      <line num="106" count="5" type="stmt"/>
      <line num="107" count="6" type="stmt"/>
      <line num="108" count="6" type="cond" truecount="2" falsecount="0"/>
      <line num="110" count="5" type="cond" truecount="2" falsecount="0"/>
      <line num="112" count="5" type="stmt"/>
      <line num="131" count="5" type="cond" truecount="4" falsecount="0"/>
      <line num="132" count="2" type="cond" truecount="2" falsecount="0"/>
      <line num="135" count="3" type="stmt"/>
      <line num="136" count="3" type="stmt"/>
      <line num="138" count="3" type="stmt"/>
      <line num="139" count="5" type="stmt"/>
      <line num="144" count="5" type="cond" truecount="2" falsecount="0"/>
      <line num="148" count="5" type="cond" truecount="2" falsecount="0"/>
      <line num="152" count="5" type="stmt"/>
      <line num="163" count="3" type="stmt"/>
      <line num="164" count="3" type="stmt"/>
      <line num="172" count="1" type="stmt"/>
    </file>
  </project>
</coverage>
