{"/Users/danielcampos/Documents/CS3250-digital-signage/app.module.js": {"path":"/Users/danielcampos/Documents/CS3250-digital-signage/app.module.js","statementMap":{"0":{"start":{"line":25,"column":2},"end":{"line":30,"column":31}},"1":{"start":{"line":41,"column":2},"end":{"line":41,"column":51}},"2":{"start":{"line":41,"column":33},"end":{"line":41,"column":51}},"3":{"start":{"line":42,"column":2},"end":{"line":42,"column":59}},"4":{"start":{"line":42,"column":33},"end":{"line":42,"column":59}},"5":{"start":{"line":43,"column":2},"end":{"line":43,"column":59}},"6":{"start":{"line":43,"column":33},"end":{"line":43,"column":59}},"7":{"start":{"line":44,"column":2},"end":{"line":44,"column":54}},"8":{"start":{"line":44,"column":33},"end":{"line":44,"column":54}},"9":{"start":{"line":45,"column":2},"end":{"line":45,"column":51}},"10":{"start":{"line":45,"column":32},"end":{"line":45,"column":51}},"11":{"start":{"line":46,"column":2},"end":{"line":46,"column":53}},"12":{"start":{"line":46,"column":32},"end":{"line":46,"column":53}},"13":{"start":{"line":47,"column":2},"end":{"line":47,"column":51}},"14":{"start":{"line":47,"column":32},"end":{"line":47,"column":51}},"15":{"start":{"line":48,"column":2},"end":{"line":48,"column":50}},"16":{"start":{"line":48,"column":32},"end":{"line":48,"column":50}},"17":{"start":{"line":49,"column":2},"end":{"line":49,"column":53}},"18":{"start":{"line":49,"column":32},"end":{"line":49,"column":53}},"19":{"start":{"line":50,"column":2},"end":{"line":50,"column":58}},"20":{"start":{"line":50,"column":32},"end":{"line":50,"column":58}},"21":{"start":{"line":51,"column":2},"end":{"line":51,"column":57}},"22":{"start":{"line":51,"column":32},"end":{"line":51,"column":57}},"23":{"start":{"line":52,"column":2},"end":{"line":52,"column":23}},"24":{"start":{"line":67,"column":2},"end":{"line":70,"column":4}},"25":{"start":{"line":68,"column":22},"end":{"line":68,"column":87}},"26":{"start":{"line":81,"column":12},"end":{"line":81,"column":41}},"27":{"start":{"line":82,"column":2},"end":{"line":82,"column":21}},"28":{"start":{"line":83,"column":2},"end":{"line":83,"column":44}},"29":{"start":{"line":101,"column":20},"end":{"line":101,"column":40}},"30":{"start":{"line":102,"column":19},"end":{"line":102,"column":39}},"31":{"start":{"line":103,"column":19},"end":{"line":103,"column":65}},"32":{"start":{"line":103,"column":45},"end":{"line":103,"column":64}},"33":{"start":{"line":104,"column":22},"end":{"line":104,"column":68}},"34":{"start":{"line":104,"column":48},"end":{"line":104,"column":67}},"35":{"start":{"line":106,"column":23},"end":{"line":108,"column":59}},"36":{"start":{"line":107,"column":19},"end":{"line":107,"column":37}},"37":{"start":{"line":108,"column":23},"end":{"line":108,"column":58}},"38":{"start":{"line":110,"column":28},"end":{"line":110,"column":80}},"39":{"start":{"line":112,"column":2},"end":{"line":112,"column":65}},"40":{"start":{"line":131,"column":2},"end":{"line":133,"column":3}},"41":{"start":{"line":132,"column":4},"end":{"line":132,"column":104}},"42":{"start":{"line":135,"column":16},"end":{"line":135,"column":49}},"43":{"start":{"line":136,"column":13},"end":{"line":136,"column":41}},"44":{"start":{"line":138,"column":2},"end":{"line":161,"column":5}},"45":{"start":{"line":139,"column":20},"end":{"line":142,"column":30}},"46":{"start":{"line":144,"column":17},"end":{"line":146,"column":10}},"47":{"start":{"line":148,"column":17},"end":{"line":150,"column":10}},"48":{"start":{"line":152,"column":4},"end":{"line":160,"column":6}},"49":{"start":{"line":163,"column":2},"end":{"line":163,"column":19}},"50":{"start":{"line":164,"column":2},"end":{"line":164,"column":14}},"51":{"start":{"line":172,"column":0},"end":{"line":179,"column":2}}},"fnMap":{"0":{"name":"escapeHtml","decl":{"start":{"line":24,"column":9},"end":{"line":24,"column":19}},"loc":{"start":{"line":24,"column":25},"end":{"line":31,"column":1}},"line":24},"1":{"name":"getWeatherSymbol","decl":{"start":{"line":40,"column":9},"end":{"line":40,"column":25}},"loc":{"start":{"line":40,"column":32},"end":{"line":53,"column":1}},"line":40},"2":{"name":"getValuePath","decl":{"start":{"line":66,"column":9},"end":{"line":66,"column":21}},"loc":{"start":{"line":66,"column":33},"end":{"line":71,"column":1}},"line":66},"3":{"name":"(anonymous_3)","decl":{"start":{"line":68,"column":4},"end":{"line":68,"column":5}},"loc":{"start":{"line":68,"column":22},"end":{"line":68,"column":87}},"line":68},"4":{"name":"stripHtml","decl":{"start":{"line":80,"column":9},"end":{"line":80,"column":18}},"loc":{"start":{"line":80,"column":25},"end":{"line":84,"column":1}},"line":80},"5":{"name":"parseConfig","decl":{"start":{"line":100,"column":9},"end":{"line":100,"column":20}},"loc":{"start":{"line":100,"column":34},"end":{"line":113,"column":1}},"line":100},"6":{"name":"(anonymous_6)","decl":{"start":{"line":103,"column":35},"end":{"line":103,"column":36}},"loc":{"start":{"line":103,"column":45},"end":{"line":103,"column":64}},"line":103},"7":{"name":"(anonymous_7)","decl":{"start":{"line":104,"column":38},"end":{"line":104,"column":39}},"loc":{"start":{"line":104,"column":48},"end":{"line":104,"column":67}},"line":104},"8":{"name":"(anonymous_8)","decl":{"start":{"line":107,"column":9},"end":{"line":107,"column":10}},"loc":{"start":{"line":107,"column":19},"end":{"line":107,"column":37}},"line":107},"9":{"name":"(anonymous_9)","decl":{"start":{"line":108,"column":12},"end":{"line":108,"column":13}},"loc":{"start":{"line":108,"column":23},"end":{"line":108,"column":58}},"line":108},"10":{"name":"buildRssHtml","decl":{"start":{"line":130,"column":9},"end":{"line":130,"column":21}},"loc":{"start":{"line":130,"column":42},"end":{"line":165,"column":1}},"line":130},"11":{"name":"(anonymous_11)","decl":{"start":{"line":138,"column":16},"end":{"line":138,"column":17}},"loc":{"start":{"line":138,"column":29},"end":{"line":161,"column":3}},"line":138}},"branchMap":{"0":{"loc":{"start":{"line":41,"column":2},"end":{"line":41,"column":51}},"type":"if","locations":[{"start":{"line":41,"column":2},"end":{"line":41,"column":51}},{"start":{},"end":{}}],"line":41},"1":{"loc":{"start":{"line":42,"column":2},"end":{"line":42,"column":59}},"type":"if","locations":[{"start":{"line":42,"column":2},"end":{"line":42,"column":59}},{"start":{},"end":{}}],"line":42},"2":{"loc":{"start":{"line":43,"column":2},"end":{"line":43,"column":59}},"type":"if","locations":[{"start":{"line":43,"column":2},"end":{"line":43,"column":59}},{"start":{},"end":{}}],"line":43},"3":{"loc":{"start":{"line":44,"column":2},"end":{"line":44,"column":54}},"type":"if","locations":[{"start":{"line":44,"column":2},"end":{"line":44,"column":54}},{"start":{},"end":{}}],"line":44},"4":{"loc":{"start":{"line":45,"column":2},"end":{"line":45,"column":51}},"type":"if","locations":[{"start":{"line":45,"column":2},"end":{"line":45,"column":51}},{"start":{},"end":{}}],"line":45},"5":{"loc":{"start":{"line":45,"column":6},"end":{"line":45,"column":30}},"type":"binary-expr","locations":[{"start":{"line":45,"column":6},"end":{"line":45,"column":16}},{"start":{"line":45,"column":20},"end":{"line":45,"column":30}}],"line":45},"6":{"loc":{"start":{"line":46,"column":2},"end":{"line":46,"column":53}},"type":"if","locations":[{"start":{"line":46,"column":2},"end":{"line":46,"column":53}},{"start":{},"end":{}}],"line":46},"7":{"loc":{"start":{"line":46,"column":6},"end":{"line":46,"column":30}},"type":"binary-expr","locations":[{"start":{"line":46,"column":6},"end":{"line":46,"column":16}},{"start":{"line":46,"column":20},"end":{"line":46,"column":30}}],"line":46},"8":{"loc":{"start":{"line":47,"column":2},"end":{"line":47,"column":51}},"type":"if","locations":[{"start":{"line":47,"column":2},"end":{"line":47,"column":51}},{"start":{},"end":{}}],"line":47},"9":{"loc":{"start":{"line":47,"column":6},"end":{"line":47,"column":30}},"type":"binary-expr","locations":[{"start":{"line":47,"column":6},"end":{"line":47,"column":16}},{"start":{"line":47,"column":20},"end":{"line":47,"column":30}}],"line":47},"10":{"loc":{"start":{"line":48,"column":2},"end":{"line":48,"column":50}},"type":"if","locations":[{"start":{"line":48,"column":2},"end":{"line":48,"column":50}},{"start":{},"end":{}}],"line":48},"11":{"loc":{"start":{"line":48,"column":6},"end":{"line":48,"column":30}},"type":"binary-expr","locations":[{"start":{"line":48,"column":6},"end":{"line":48,"column":16}},{"start":{"line":48,"column":20},"end":{"line":48,"column":30}}],"line":48},"12":{"loc":{"start":{"line":49,"column":2},"end":{"line":49,"column":53}},"type":"if","locations":[{"start":{"line":49,"column":2},"end":{"line":49,"column":53}},{"start":{},"end":{}}],"line":49},"13":{"loc":{"start":{"line":49,"column":6},"end":{"line":49,"column":30}},"type":"binary-expr","locations":[{"start":{"line":49,"column":6},"end":{"line":49,"column":16}},{"start":{"line":49,"column":20},"end":{"line":49,"column":30}}],"line":49},"14":{"loc":{"start":{"line":50,"column":2},"end":{"line":50,"column":58}},"type":"if","locations":[{"start":{"line":50,"column":2},"end":{"line":50,"column":58}},{"start":{},"end":{}}],"line":50},"15":{"loc":{"start":{"line":50,"column":6},"end":{"line":50,"column":30}},"type":"binary-expr","locations":[{"start":{"line":50,"column":6},"end":{"line":50,"column":16}},{"start":{"line":50,"column":20},"end":{"line":50,"column":30}}],"line":50},"16":{"loc":{"start":{"line":51,"column":2},"end":{"line":51,"column":57}},"type":"if","locations":[{"start":{"line":51,"column":2},"end":{"line":51,"column":57}},{"start":{},"end":{}}],"line":51},"17":{"loc":{"start":{"line":51,"column":6},"end":{"line":51,"column":30}},"type":"binary-expr","locations":[{"start":{"line":51,"column":6},"end":{"line":51,"column":16}},{"start":{"line":51,"column":20},"end":{"line":51,"column":30}}],"line":51},"18":{"loc":{"start":{"line":68,"column":22},"end":{"line":68,"column":87}},"type":"cond-expr","locations":[{"start":{"line":68,"column":63},"end":{"line":68,"column":75}},{"start":{"line":68,"column":78},"end":{"line":68,"column":87}}],"line":68},"19":{"loc":{"start":{"line":68,"column":22},"end":{"line":68,"column":60}},"type":"binary-expr","locations":[{"start":{"line":68,"column":22},"end":{"line":68,"column":29}},{"start":{"line":68,"column":33},"end":{"line":68,"column":60}}],"line":68},"20":{"loc":{"start":{"line":83,"column":9},"end":{"line":83,"column":43}},"type":"binary-expr","locations":[{"start":{"line":83,"column":9},"end":{"line":83,"column":22}},{"start":{"line":83,"column":26},"end":{"line":83,"column":37}},{"start":{"line":83,"column":41},"end":{"line":83,"column":43}}],"line":83},"21":{"loc":{"start":{"line":108,"column":23},"end":{"line":108,"column":58}},"type":"binary-expr","locations":[{"start":{"line":108,"column":23},"end":{"line":108,"column":45}},{"start":{"line":108,"column":49},"end":{"line":108,"column":58}}],"line":108},"22":{"loc":{"start":{"line":110,"column":28},"end":{"line":110,"column":80}},"type":"cond-expr","locations":[{"start":{"line":110,"column":50},"end":{"line":110,"column":75}},{"start":{"line":110,"column":78},"end":{"line":110,"column":80}}],"line":110},"23":{"loc":{"start":{"line":131,"column":2},"end":{"line":133,"column":3}},"type":"if","locations":[{"start":{"line":131,"column":2},"end":{"line":133,"column":3}},{"start":{},"end":{}}],"line":131},"24":{"loc":{"start":{"line":131,"column":6},"end":{"line":131,"column":57}},"type":"binary-expr","locations":[{"start":{"line":131,"column":6},"end":{"line":131,"column":30}},{"start":{"line":131,"column":34},"end":{"line":131,"column":57}}],"line":131},"25":{"loc":{"start":{"line":132,"column":50},"end":{"line":132,"column":87}},"type":"binary-expr","locations":[{"start":{"line":132,"column":50},"end":{"line":132,"column":66}},{"start":{"line":132,"column":70},"end":{"line":132,"column":87}}],"line":132},"26":{"loc":{"start":{"line":144,"column":17},"end":{"line":146,"column":10}},"type":"cond-expr","locations":[{"start":{"line":145,"column":8},"end":{"line":145,"column":61}},{"start":{"line":146,"column":8},"end":{"line":146,"column":10}}],"line":144},"27":{"loc":{"start":{"line":148,"column":17},"end":{"line":150,"column":10}},"type":"cond-expr","locations":[{"start":{"line":149,"column":8},"end":{"line":149,"column":94}},{"start":{"line":150,"column":8},"end":{"line":150,"column":10}}],"line":148},"28":{"loc":{"start":{"line":153,"column":50},"end":{"line":153,"column":75}},"type":"cond-expr","locations":[{"start":{"line":153,"column":60},"end":{"line":153,"column":66}},{"start":{"line":153,"column":69},"end":{"line":153,"column":75}}],"line":153}},"s":{"0":20,"1":12,"2":1,"3":11,"4":1,"5":10,"6":1,"7":9,"8":1,"9":8,"10":1,"11":7,"12":1,"13":6,"14":1,"15":5,"16":1,"17":4,"18":1,"19":3,"20":1,"21":2,"22":1,"23":1,"24":5,"25":8,"26":9,"27":9,"28":9,"29":5,"30":5,"31":5,"32":8,"33":5,"34":8,"35":5,"36":6,"37":6,"38":5,"39":5,"40":5,"41":2,"42":3,"43":3,"44":3,"45":5,"46":5,"47":5,"48":5,"49":3,"50":3,"51":1},"f":{"0":20,"1":12,"2":5,"3":8,"4":9,"5":5,"6":8,"7":8,"8":6,"9":6,"10":5,"11":5},"b":{"0":[1,11],"1":[1,10],"2":[1,9],"3":[1,8],"4":[1,7],"5":[8,8],"6":[1,6],"7":[7,7],"8":[1,5],"9":[6,6],"10":[1,4],"11":[5,5],"12":[1,3],"13":[4,4],"14":[1,2],"15":[3,3],"16":[1,1],"17":[2,2],"18":[7,1],"19":[8,7],"20":[9,1,1],"21":[6,2],"22":[1,4],"23":[2,3],"24":[5,4],"25":[2,1],"26":[4,1],"27":[2,3],"28":[3,2]},"_coverageSchema":"1a1c01bbd47fc00a2c39e90264f33305004495a9","hash":"c0c0f03d07482386e408fc6a007fcfb5368a63b2"}
}
