TN:
SF:app.module.js
FN:24,escapeHtml
FN:40,getWeatherSymbol
FN:66,getValuePath
FN:68,(anonymous_3)
FN:80,stripHtml
FN:100,parseConfig
FN:103,(anonymous_6)
FN:104,(anonymous_7)
FN:107,(anonymous_8)
FN:108,(anonymous_9)
FN:130,buildRssHtml
FN:138,(anonymous_11)
FNF:12
FNH:12
FNDA:20,escapeHtml
FNDA:12,getWeatherSymbol
FNDA:5,getValuePath
FNDA:8,(anonymous_3)
FNDA:9,stripHtml
FNDA:5,parseConfig
FNDA:8,(anonymous_6)
FNDA:8,(anonymous_7)
FNDA:6,(anonymous_8)
FNDA:6,(anonymous_9)
FNDA:5,buildRssHtml
FNDA:5,(anonymous_11)
DA:25,20
DA:41,12
DA:42,11
DA:43,10
DA:44,9
DA:45,8
DA:46,7
DA:47,6
DA:48,5
DA:49,4
DA:50,3
DA:51,2
DA:52,1
DA:67,5
DA:68,8
DA:81,9
DA:82,9
DA:83,9
DA:101,5
DA:102,5
DA:103,8
DA:104,8
DA:106,5
DA:107,6
DA:108,6
DA:110,5
DA:112,5
DA:131,5
DA:132,2
DA:135,3
DA:136,3
DA:138,3
DA:139,5
DA:144,5
DA:148,5
DA:152,5
DA:163,3
DA:164,3
DA:172,1
LF:39
LH:39
BRDA:41,0,0,1
BRDA:41,0,1,11
BRDA:42,1,0,1
BRDA:42,1,1,10
BRDA:43,2,0,1
BRDA:43,2,1,9
BRDA:44,3,0,1
BRDA:44,3,1,8
BRDA:45,4,0,1
BRDA:45,4,1,7
BRDA:45,5,0,8
BRDA:45,5,1,8
BRDA:46,6,0,1
BRDA:46,6,1,6
BRDA:46,7,0,7
BRDA:46,7,1,7
BRDA:47,8,0,1
BRDA:47,8,1,5
BRDA:47,9,0,6
BRDA:47,9,1,6
BRDA:48,10,0,1
BRDA:48,10,1,4
BRDA:48,11,0,5
BRDA:48,11,1,5
BRDA:49,12,0,1
BRDA:49,12,1,3
BRDA:49,13,0,4
BRDA:49,13,1,4
BRDA:50,14,0,1
BRDA:50,14,1,2
BRDA:50,15,0,3
BRDA:50,15,1,3
BRDA:51,16,0,1
BRDA:51,16,1,1
BRDA:51,17,0,2
BRDA:51,17,1,2
BRDA:68,18,0,7
BRDA:68,18,1,1
BRDA:68,19,0,8
BRDA:68,19,1,7
BRDA:83,20,0,9
BRDA:83,20,1,1
BRDA:83,20,2,1
BRDA:108,21,0,6
BRDA:108,21,1,2
BRDA:110,22,0,1
BRDA:110,22,1,4
BRDA:131,23,0,2
BRDA:131,23,1,3
BRDA:131,24,0,5
BRDA:131,24,1,4
BRDA:132,25,0,2
BRDA:132,25,1,1
BRDA:144,26,0,4
BRDA:144,26,1,1
BRDA:148,27,0,2
BRDA:148,27,1,3
BRDA:153,28,0,3
BRDA:153,28,1,2
BRF:59
BRH:59
end_of_record
